[INFO ] 2021-09-27 19:34:25.880 [main]   CustomNumber - первое значение = 18
[INFO ] 2021-09-27 19:34:25.889 [main]   CustomNumber - второе значение = 12
[INFO ] 2021-09-27 19:34:25.892 [main]   CustomNumber - извлечение чисел из файла прошло успешно
[INFO ] 2021-09-27 19:34:25.892 [main]   CustomNumber - тест сложения чисел прошёл успешно
[INFO ] 2021-09-27 19:45:21.694 [main]   CustomNumber - первое значение = 18
[INFO ] 2021-09-27 19:45:21.713 [main]   CustomNumber - второе значение = 12
[INFO ] 2021-09-27 19:45:21.717 [main]   CustomNumber - извлечение чисел из файла прошло успешно
[INFO ] 2021-09-27 19:45:21.719 [main]   CustomNumber - тест сложения чисел прошёл успешно
[INFO ] 2021-09-27 19:45:21.729 [main]   CustomNumber - первое значение = 18
[INFO ] 2021-09-27 19:45:21.730 [main]   CustomNumber - второе значение = 12
[INFO ] 2021-09-27 19:45:21.731 [main]   CustomNumber - извлечение чисел из файла прошло успешно
[INFO ] 2021-09-27 19:45:21.732 [main]   CustomNumber - тест деления первого числа на остальные числа прошёл успешно
[INFO ] 2021-09-27 19:45:21.738 [main]   CustomNumber - первое значение = 18
[INFO ] 2021-09-27 19:45:21.738 [main]   CustomNumber - второе значение = 12
[INFO ] 2021-09-27 19:45:21.741 [main]   CustomNumber - извлечение чисел из файла прошло успешно
[INFO ] 2021-09-27 19:45:21.748 [main]   CustomNumber - первое значение = 18
[INFO ] 2021-09-27 19:45:21.749 [main]   CustomNumber - второе значение = 12
[INFO ] 2021-09-27 19:45:21.750 [main]   CustomNumber - извлечение чисел из файла прошло успешно
[INFO ] 2021-09-27 19:45:21.751 [main]   CustomNumber - тест умножения чисел прошёл успешно
[INFO ] 2021-09-27 19:45:21.756 [main]   CustomNumber - первое значение = 18
[INFO ] 2021-09-27 19:45:21.757 [main]   CustomNumber - второе значение = 12
[INFO ] 2021-09-27 19:45:21.758 [main]   CustomNumber - извлечение чисел из файла прошло успешно
[ERROR] 2021-09-27 19:45:21.758 [main]   CustomNumber - тест вычитания из первого числа остальных чисел прошёл успешно
